ERROR - 2023-09-18 05:59:03 --> Error connecting to the database: mysqli_sql_exception: Access denied for user 'root'@'localhost' in /var/www/html/ITC-311-ACTIVITY/vendor/codeigniter4/framework/system/Database/MySQLi/Connection.php:185
Stack trace:
#0 /var/www/html/ITC-311-ACTIVITY/vendor/codeigniter4/framework/system/Database/MySQLi/Connection.php(185): mysqli->real_connect()
#1 /var/www/html/ITC-311-ACTIVITY/vendor/codeigniter4/framework/system/Database/BaseConnection.php(391): CodeIgniter\Database\MySQLi\Connection->connect()
#2 /var/www/html/ITC-311-ACTIVITY/vendor/codeigniter4/framework/system/Database/BaseConnection.php(574): CodeIgniter\Database\BaseConnection->initialize()
#3 /var/www/html/ITC-311-ACTIVITY/vendor/codeigniter4/framework/system/Database/BaseBuilder.php(1615): CodeIgniter\Database\BaseConnection->query()
#4 /var/www/html/ITC-311-ACTIVITY/vendor/codeigniter4/framework/system/Model.php(237): CodeIgniter\Database\BaseBuilder->get()
#5 /var/www/html/ITC-311-ACTIVITY/vendor/codeigniter4/framework/system/BaseModel.php(624): CodeIgniter\Model->doFindAll()
#6 /var/www/html/ITC-311-ACTIVITY/app/Controllers/UserController.php(28): CodeIgniter\BaseModel->findAll()
#7 /var/www/html/ITC-311-ACTIVITY/vendor/codeigniter4/framework/system/CodeIgniter.php(919): App\Controllers\UserController->homepage()
#8 /var/www/html/ITC-311-ACTIVITY/vendor/codeigniter4/framework/system/CodeIgniter.php(494): CodeIgniter\CodeIgniter->runController()
#9 /var/www/html/ITC-311-ACTIVITY/vendor/codeigniter4/framework/system/CodeIgniter.php(353): CodeIgniter\CodeIgniter->handleRequest()
#10 /var/www/html/ITC-311-ACTIVITY/public/index.php(79): CodeIgniter\CodeIgniter->run()
#11 /var/www/html/ITC-311-ACTIVITY/vendor/codeigniter4/framework/system/Commands/Server/rewrite.php(47): require_once('...')
#12 {main}

Next CodeIgniter\Database\Exceptions\DatabaseException: Access denied for user '****'@'localhost' in /var/www/html/ITC-311-ACTIVITY/vendor/codeigniter4/framework/system/Database/MySQLi/Connection.php:229
Stack trace:
#0 /var/www/html/ITC-311-ACTIVITY/vendor/codeigniter4/framework/system/Database/BaseConnection.php(391): CodeIgniter\Database\MySQLi\Connection->connect()
#1 /var/www/html/ITC-311-ACTIVITY/vendor/codeigniter4/framework/system/Database/BaseConnection.php(574): CodeIgniter\Database\BaseConnection->initialize()
#2 /var/www/html/ITC-311-ACTIVITY/vendor/codeigniter4/framework/system/Database/BaseBuilder.php(1615): CodeIgniter\Database\BaseConnection->query()
#3 /var/www/html/ITC-311-ACTIVITY/vendor/codeigniter4/framework/system/Model.php(237): CodeIgniter\Database\BaseBuilder->get()
#4 /var/www/html/ITC-311-ACTIVITY/vendor/codeigniter4/framework/system/BaseModel.php(624): CodeIgniter\Model->doFindAll()
#5 /var/www/html/ITC-311-ACTIVITY/app/Controllers/UserController.php(28): CodeIgniter\BaseModel->findAll()
#6 /var/www/html/ITC-311-ACTIVITY/vendor/codeigniter4/framework/system/CodeIgniter.php(919): App\Controllers\UserController->homepage()
#7 /var/www/html/ITC-311-ACTIVITY/vendor/codeigniter4/framework/system/CodeIgniter.php(494): CodeIgniter\CodeIgniter->runController()
#8 /var/www/html/ITC-311-ACTIVITY/vendor/codeigniter4/framework/system/CodeIgniter.php(353): CodeIgniter\CodeIgniter->handleRequest()
#9 /var/www/html/ITC-311-ACTIVITY/public/index.php(79): CodeIgniter\CodeIgniter->run()
#10 /var/www/html/ITC-311-ACTIVITY/vendor/codeigniter4/framework/system/Commands/Server/rewrite.php(47): require_once('...')
#11 {main}
CRITICAL - 2023-09-18 05:59:03 --> Unable to connect to the database.
Main connection [MySQLi]: Access denied for user '****'@'localhost'
in SYSTEMPATH/Database/BaseConnection.php on line 427.
 1 SYSTEMPATH/Database/BaseConnection.php(574): CodeIgniter\Database\BaseConnection->initialize()
 2 SYSTEMPATH/Database/BaseBuilder.php(1615): CodeIgniter\Database\BaseConnection->query()
 3 SYSTEMPATH/Model.php(237): CodeIgniter\Database\BaseBuilder->get()
 4 SYSTEMPATH/BaseModel.php(624): CodeIgniter\Model->doFindAll()
 5 APPPATH/Controllers/UserController.php(28): CodeIgniter\BaseModel->findAll()
 6 SYSTEMPATH/CodeIgniter.php(919): App\Controllers\UserController->homepage()
 7 SYSTEMPATH/CodeIgniter.php(494): CodeIgniter\CodeIgniter->runController()
 8 SYSTEMPATH/CodeIgniter.php(353): CodeIgniter\CodeIgniter->handleRequest()
 9 FCPATH/index.php(79): CodeIgniter\CodeIgniter->run()
10 SYSTEMPATH/Commands/Server/rewrite.php(47): require_once('/var/www/html/ITC-311-ACTIVITY/public/index.php')
