CRITICAL - 2023-09-21 10:12:11 --> There is no data to insert.
in SYSTEMPATH/BaseModel.php on line 768.
 1 SYSTEMPATH/BaseModel.php(768): CodeIgniter\Database\Exceptions\DataException::forEmptyDataset()
 2 SYSTEMPATH/Model.php(715): CodeIgniter\BaseModel->insert()
 3 SYSTEMPATH/BaseModel.php(698): CodeIgniter\Model->insert()
 4 APPPATH/Controllers/UserController.php(31): CodeIgniter\BaseModel->save()
 5 SYSTEMPATH/CodeIgniter.php(919): App\Controllers\UserController->insert()
 6 SYSTEMPATH/CodeIgniter.php(494): CodeIgniter\CodeIgniter->runController()
 7 SYSTEMPATH/CodeIgniter.php(353): CodeIgniter\CodeIgniter->handleRequest()
 8 FCPATH/index.php(79): CodeIgniter\CodeIgniter->run()
 9 SYSTEMPATH/Commands/Server/rewrite.php(47): require_once('/var/www/html/ITC-311-ACTIVITY/public/index.php')
CRITICAL - 2023-09-21 10:48:08 --> syntax error, unexpected single-quoted string "ProductCategory", expecting "]"
in APPPATH/Controllers/UserController.php on line 27.
 1 SYSTEMPATH/Autoloader/Autoloader.php(285): CodeIgniter\Autoloader\Autoloader->includeFile()
 2 SYSTEMPATH/Autoloader/Autoloader.php(263): CodeIgniter\Autoloader\Autoloader->loadInNamespace()
 3 [internal function]: CodeIgniter\Autoloader\Autoloader->loadClass()
 4 SYSTEMPATH/CodeIgniter.php(877): class_exists()
 5 SYSTEMPATH/CodeIgniter.php(481): CodeIgniter\CodeIgniter->startController()
 6 SYSTEMPATH/CodeIgniter.php(353): CodeIgniter\CodeIgniter->handleRequest()
 7 FCPATH/index.php(79): CodeIgniter\CodeIgniter->run()
 8 SYSTEMPATH/Commands/Server/rewrite.php(47): require_once('/var/www/html/ITC-311-ACTIVITY/public/index.php')
CRITICAL - 2023-09-21 10:50:14 --> syntax error, unexpected single-quoted string "ProductCategory", expecting "]"
in APPPATH/Controllers/UserController.php on line 27.
 1 SYSTEMPATH/Autoloader/Autoloader.php(285): CodeIgniter\Autoloader\Autoloader->includeFile()
 2 SYSTEMPATH/Autoloader/Autoloader.php(263): CodeIgniter\Autoloader\Autoloader->loadInNamespace()
 3 [internal function]: CodeIgniter\Autoloader\Autoloader->loadClass()
 4 SYSTEMPATH/CodeIgniter.php(877): class_exists()
 5 SYSTEMPATH/CodeIgniter.php(481): CodeIgniter\CodeIgniter->startController()
 6 SYSTEMPATH/CodeIgniter.php(353): CodeIgniter\CodeIgniter->handleRequest()
 7 FCPATH/index.php(79): CodeIgniter\CodeIgniter->run()
 8 SYSTEMPATH/Commands/Server/rewrite.php(47): require_once('/var/www/html/ITC-311-ACTIVITY/public/index.php')
CRITICAL - 2023-09-21 10:50:15 --> syntax error, unexpected single-quoted string "ProductCategory", expecting "]"
in APPPATH/Controllers/UserController.php on line 27.
 1 SYSTEMPATH/Autoloader/Autoloader.php(285): CodeIgniter\Autoloader\Autoloader->includeFile()
 2 SYSTEMPATH/Autoloader/Autoloader.php(263): CodeIgniter\Autoloader\Autoloader->loadInNamespace()
 3 [internal function]: CodeIgniter\Autoloader\Autoloader->loadClass()
 4 SYSTEMPATH/CodeIgniter.php(877): class_exists()
 5 SYSTEMPATH/CodeIgniter.php(481): CodeIgniter\CodeIgniter->startController()
 6 SYSTEMPATH/CodeIgniter.php(353): CodeIgniter\CodeIgniter->handleRequest()
 7 FCPATH/index.php(79): CodeIgniter\CodeIgniter->run()
 8 SYSTEMPATH/Commands/Server/rewrite.php(47): require_once('/var/www/html/ITC-311-ACTIVITY/public/index.php')
CRITICAL - 2023-09-21 10:50:15 --> syntax error, unexpected single-quoted string "ProductCategory", expecting "]"
in APPPATH/Controllers/UserController.php on line 27.
 1 SYSTEMPATH/Autoloader/Autoloader.php(285): CodeIgniter\Autoloader\Autoloader->includeFile()
 2 SYSTEMPATH/Autoloader/Autoloader.php(263): CodeIgniter\Autoloader\Autoloader->loadInNamespace()
 3 [internal function]: CodeIgniter\Autoloader\Autoloader->loadClass()
 4 SYSTEMPATH/CodeIgniter.php(877): class_exists()
 5 SYSTEMPATH/CodeIgniter.php(481): CodeIgniter\CodeIgniter->startController()
 6 SYSTEMPATH/CodeIgniter.php(353): CodeIgniter\CodeIgniter->handleRequest()
 7 FCPATH/index.php(79): CodeIgniter\CodeIgniter->run()
 8 SYSTEMPATH/Commands/Server/rewrite.php(47): require_once('/var/www/html/ITC-311-ACTIVITY/public/index.php')
CRITICAL - 2023-09-21 10:50:16 --> syntax error, unexpected single-quoted string "ProductCategory", expecting "]"
in APPPATH/Controllers/UserController.php on line 27.
 1 SYSTEMPATH/Autoloader/Autoloader.php(285): CodeIgniter\Autoloader\Autoloader->includeFile()
 2 SYSTEMPATH/Autoloader/Autoloader.php(263): CodeIgniter\Autoloader\Autoloader->loadInNamespace()
 3 [internal function]: CodeIgniter\Autoloader\Autoloader->loadClass()
 4 SYSTEMPATH/CodeIgniter.php(877): class_exists()
 5 SYSTEMPATH/CodeIgniter.php(481): CodeIgniter\CodeIgniter->startController()
 6 SYSTEMPATH/CodeIgniter.php(353): CodeIgniter\CodeIgniter->handleRequest()
 7 FCPATH/index.php(79): CodeIgniter\CodeIgniter->run()
 8 SYSTEMPATH/Commands/Server/rewrite.php(47): require_once('/var/www/html/ITC-311-ACTIVITY/public/index.php')
CRITICAL - 2023-09-21 12:08:25 --> Undefined variable $categories
in APPPATH/Views/homepage.php on line 96.
 1 APPPATH/Views/homepage.php(96): CodeIgniter\Debug\Exceptions->errorHandler()
 2 SYSTEMPATH/View/View.php(226): include('/var/www/html/ITC-311-ACTIVITY/app/Views/homepage.php')
 3 SYSTEMPATH/View/View.php(229): CodeIgniter\View\View->CodeIgniter\View\{closure}()
 4 SYSTEMPATH/Common.php(1188): CodeIgniter\View\View->render()
 5 APPPATH/Controllers/UserController.php(46): view()
 6 SYSTEMPATH/CodeIgniter.php(919): App\Controllers\UserController->edit()
 7 SYSTEMPATH/CodeIgniter.php(494): CodeIgniter\CodeIgniter->runController()
 8 SYSTEMPATH/CodeIgniter.php(353): CodeIgniter\CodeIgniter->handleRequest()
 9 FCPATH/index.php(79): CodeIgniter\CodeIgniter->run()
10 SYSTEMPATH/Commands/Server/rewrite.php(47): require_once('/var/www/html/ITC-311-ACTIVITY/public/index.php')
CRITICAL - 2023-09-21 12:17:44 --> Undefined variable $categories
in APPPATH/Views/homepage.php on line 95.
 1 APPPATH/Views/homepage.php(95): CodeIgniter\Debug\Exceptions->errorHandler()
 2 SYSTEMPATH/View/View.php(226): include('/var/www/html/ITC-311-ACTIVITY/app/Views/homepage.php')
 3 SYSTEMPATH/View/View.php(229): CodeIgniter\View\View->CodeIgniter\View\{closure}()
 4 SYSTEMPATH/Common.php(1188): CodeIgniter\View\View->render()
 5 APPPATH/Controllers/UserController.php(46): view()
 6 SYSTEMPATH/CodeIgniter.php(919): App\Controllers\UserController->edit()
 7 SYSTEMPATH/CodeIgniter.php(494): CodeIgniter\CodeIgniter->runController()
 8 SYSTEMPATH/CodeIgniter.php(353): CodeIgniter\CodeIgniter->handleRequest()
 9 FCPATH/index.php(79): CodeIgniter\CodeIgniter->run()
10 SYSTEMPATH/Commands/Server/rewrite.php(47): require_once('/var/www/html/ITC-311-ACTIVITY/public/index.php')
CRITICAL - 2023-09-21 12:20:54 --> Undefined variable $categories
in APPPATH/Views/homepage.php on line 95.
 1 APPPATH/Views/homepage.php(95): CodeIgniter\Debug\Exceptions->errorHandler()
 2 SYSTEMPATH/View/View.php(226): include('/var/www/html/ITC-311-ACTIVITY/app/Views/homepage.php')
 3 SYSTEMPATH/View/View.php(229): CodeIgniter\View\View->CodeIgniter\View\{closure}()
 4 SYSTEMPATH/Common.php(1188): CodeIgniter\View\View->render()
 5 APPPATH/Controllers/UserController.php(46): view()
 6 SYSTEMPATH/CodeIgniter.php(919): App\Controllers\UserController->edit()
 7 SYSTEMPATH/CodeIgniter.php(494): CodeIgniter\CodeIgniter->runController()
 8 SYSTEMPATH/CodeIgniter.php(353): CodeIgniter\CodeIgniter->handleRequest()
 9 FCPATH/index.php(79): CodeIgniter\CodeIgniter->run()
10 SYSTEMPATH/Commands/Server/rewrite.php(47): require_once('/var/www/html/ITC-311-ACTIVITY/public/index.php')
CRITICAL - 2023-09-21 12:20:55 --> Undefined variable $categories
in APPPATH/Views/homepage.php on line 95.
 1 APPPATH/Views/homepage.php(95): CodeIgniter\Debug\Exceptions->errorHandler()
 2 SYSTEMPATH/View/View.php(226): include('/var/www/html/ITC-311-ACTIVITY/app/Views/homepage.php')
 3 SYSTEMPATH/View/View.php(229): CodeIgniter\View\View->CodeIgniter\View\{closure}()
 4 SYSTEMPATH/Common.php(1188): CodeIgniter\View\View->render()
 5 APPPATH/Controllers/UserController.php(46): view()
 6 SYSTEMPATH/CodeIgniter.php(919): App\Controllers\UserController->edit()
 7 SYSTEMPATH/CodeIgniter.php(494): CodeIgniter\CodeIgniter->runController()
 8 SYSTEMPATH/CodeIgniter.php(353): CodeIgniter\CodeIgniter->handleRequest()
 9 FCPATH/index.php(79): CodeIgniter\CodeIgniter->run()
10 SYSTEMPATH/Commands/Server/rewrite.php(47): require_once('/var/www/html/ITC-311-ACTIVITY/public/index.php')
CRITICAL - 2023-09-21 12:20:55 --> Undefined variable $categories
in APPPATH/Views/homepage.php on line 95.
 1 APPPATH/Views/homepage.php(95): CodeIgniter\Debug\Exceptions->errorHandler()
 2 SYSTEMPATH/View/View.php(226): include('/var/www/html/ITC-311-ACTIVITY/app/Views/homepage.php')
 3 SYSTEMPATH/View/View.php(229): CodeIgniter\View\View->CodeIgniter\View\{closure}()
 4 SYSTEMPATH/Common.php(1188): CodeIgniter\View\View->render()
 5 APPPATH/Controllers/UserController.php(46): view()
 6 SYSTEMPATH/CodeIgniter.php(919): App\Controllers\UserController->edit()
 7 SYSTEMPATH/CodeIgniter.php(494): CodeIgniter\CodeIgniter->runController()
 8 SYSTEMPATH/CodeIgniter.php(353): CodeIgniter\CodeIgniter->handleRequest()
 9 FCPATH/index.php(79): CodeIgniter\CodeIgniter->run()
10 SYSTEMPATH/Commands/Server/rewrite.php(47): require_once('/var/www/html/ITC-311-ACTIVITY/public/index.php')
CRITICAL - 2023-09-21 12:21:43 --> Undefined variable $categories
in APPPATH/Views/homepage.php on line 95.
 1 APPPATH/Views/homepage.php(95): CodeIgniter\Debug\Exceptions->errorHandler()
 2 SYSTEMPATH/View/View.php(226): include('/var/www/html/ITC-311-ACTIVITY/app/Views/homepage.php')
 3 SYSTEMPATH/View/View.php(229): CodeIgniter\View\View->CodeIgniter\View\{closure}()
 4 SYSTEMPATH/Common.php(1188): CodeIgniter\View\View->render()
 5 APPPATH/Controllers/UserController.php(46): view()
 6 SYSTEMPATH/CodeIgniter.php(919): App\Controllers\UserController->edit()
 7 SYSTEMPATH/CodeIgniter.php(494): CodeIgniter\CodeIgniter->runController()
 8 SYSTEMPATH/CodeIgniter.php(353): CodeIgniter\CodeIgniter->handleRequest()
 9 FCPATH/index.php(79): CodeIgniter\CodeIgniter->run()
10 SYSTEMPATH/Commands/Server/rewrite.php(47): require_once('/var/www/html/ITC-311-ACTIVITY/public/index.php')
CRITICAL - 2023-09-21 12:36:34 --> Cannot access offset of type string on string
in APPPATH/Views/homepage.php on line 99.
 1 SYSTEMPATH/View/View.php(226): include()
 2 SYSTEMPATH/View/View.php(229): CodeIgniter\View\View->CodeIgniter\View\{closure}()
 3 SYSTEMPATH/Common.php(1188): CodeIgniter\View\View->render()
 4 APPPATH/Controllers/UserController.php(74): view()
 5 SYSTEMPATH/CodeIgniter.php(919): App\Controllers\UserController->homepage()
 6 SYSTEMPATH/CodeIgniter.php(494): CodeIgniter\CodeIgniter->runController()
 7 SYSTEMPATH/CodeIgniter.php(353): CodeIgniter\CodeIgniter->handleRequest()
 8 FCPATH/index.php(79): CodeIgniter\CodeIgniter->run()
 9 SYSTEMPATH/Commands/Server/rewrite.php(47): require_once('/var/www/html/ITC-311-ACTIVITY/public/index.php')
